INFO 2021-01-17 12:22:10,366 root : Сервер доступний. Час на сервері: 2021-01-17T12:22:10.349
INFO 2021-01-17 12:22:10,377 root : Запитувана сторінка: : http://localhost:8000/health/
INFO 2021-01-17 12:22:10,378 root : Відповідь сервера місти наступні поля:
INFO 2021-01-17 12:22:10,379 root : Ключ: date, Значення: 2021-01-17T12:22:10.349
INFO 2021-01-17 12:22:10,380 root : Ключ: current_page, Значення: http://localhost:8000/health/
INFO 2021-01-17 12:22:10,380 root : Ключ: server_info, Значення: posix
INFO 2021-01-17 12:22:10,380 root : Ключ: client_info, Значення: python-requests/2.25.0
INFO 2021-01-17 12:23:10,481 root : Сервер доступний. Час на сервері: 2021-01-17T12:23:10.468
INFO 2021-01-17 12:23:10,482 root : Запитувана сторінка: : http://localhost:8000/health/
INFO 2021-01-17 12:23:10,483 root : Відповідь сервера місти наступні поля:
INFO 2021-01-17 12:23:10,485 root : Ключ: date, Значення: 2021-01-17T12:23:10.468
INFO 2021-01-17 12:23:10,487 root : Ключ: current_page, Значення: http://localhost:8000/health/
INFO 2021-01-17 12:23:10,487 root : Ключ: server_info, Значення: posix
INFO 2021-01-17 12:23:10,487 root : Ключ: client_info, Значення: python-requests/2.25.0
INFO 2021-01-17 12:24:10,654 root : Сервер доступний. Час на сервері: 2021-01-17T12:24:10.625
INFO 2021-01-17 12:24:10,655 root : Запитувана сторінка: : http://localhost:8000/health/
INFO 2021-01-17 12:24:10,657 root : Відповідь сервера місти наступні поля:
INFO 2021-01-17 12:24:10,657 root : Ключ: date, Значення: 2021-01-17T12:24:10.625
INFO 2021-01-17 12:24:10,657 root : Ключ: current_page, Значення: http://localhost:8000/health/
INFO 2021-01-17 12:24:10,657 root : Ключ: server_info, Значення: posix
INFO 2021-01-17 12:24:10,658 root : Ключ: client_info, Значення: python-requests/2.25.0ERROR 2021-01-17 12:25:10,439 root : Server is not running nowa
